<?xml version="1.0" encoding="UTF-8"?>
<!-- Generated by org.testng.reporters.JUnitReportReporter -->
<testsuite hostname="DESKTOP-EJ545S4" failures="1" tests="4" name="TestRunner.DDT_TestRunner" time="15.535" errors="0" timestamp="2024-06-20T23:36:06 IST" skipped="0">
  <testcase classname="TestRunner.DDT_TestRunner" name="runScenario" time="1.592"/>
  <system-out/>
  <testcase classname="TestRunner.DDT_TestRunner" name="runScenario" time="6.281"/>
  <system-out/>
  <testcase classname="TestRunner.DDT_TestRunner" name="runScenario" time="6.448">
    <failure message="expected [true] but found [false]" type="java.lang.AssertionError">
      <![CDATA[java.lang.AssertionError: expected [true] but found [false]
at org.testng.Assert.fail(Assert.java:99)
at org.testng.Assert.failNotEquals(Assert.java:1037)
at org.testng.Assert.assertTrue(Assert.java:45)
at org.testng.Assert.assertTrue(Assert.java:55)
at StepDefinations.DDT_StepDefinations.user_navigated_to_home_page_of_saucedemo_webpage(DDT_StepDefinations.java:41)
at âœ½.user navigated to home page of saucedemo webpage.(file:///C:/Users/Pankaj%20Prasad/eclipse-workspace/BDD_Framework/src/test/resources/Features/DDT.feature:6)
]]>
    </failure>
  </testcase> <!-- runScenario -->
  <system-out/>
  <testcase classname="TestRunner.DDT_TestRunner" name="runScenario" time="1.214"/>
  <system-out/>
</testsuite> <!-- TestRunner.DDT_TestRunner -->
